<?xml version="1.0" encoding="UTF-8"?>
<testng-results ignored="0" total="0" passed="0" failed="0" skipped="0">
  <reporter-output>
  </reporter-output>
  <suite started-at="2023-11-27T07:08:19 IST" name="Surefire suite" finished-at="2023-11-27T07:09:11 IST" duration-ms="52331">
    <groups>
    </groups>
    <test started-at="2023-11-27T07:08:19 IST" name="Surefire test" finished-at="2023-11-27T07:09:11 IST" duration-ms="52331">
      <class name="com.prasanth.tests.BaseTest">
        <test-method is-config="true" signature="setUp()[pri:0, instance:com.prasanth.tests.BaseTest@2aece37d]" started-at="2023-11-27T07:08:19 IST" name="setUp" finished-at="2023-11-27T07:09:11 IST" duration-ms="52213" status="PASS">
          <reporter-output>
          </reporter-output>
        </test-method> <!-- setUp -->
        <test-method is-config="true" signature="tearDown()[pri:0, instance:com.prasanth.tests.BaseTest@2aece37d]" started-at="2023-11-27T07:09:11 IST" name="tearDown" finished-at="2023-11-27T07:09:11 IST" duration-ms="98" status="PASS">
          <reporter-output>
          </reporter-output>
        </test-method> <!-- tearDown -->
      </class> <!-- com.prasanth.tests.BaseTest -->
    </test> <!-- Surefire test -->
  </suite> <!-- Surefire suite -->
</testng-results>
