-------------------------------------------------------------------------------
Test set: TestSuite
-------------------------------------------------------------------------------
Tests run: 1, Failures: 1, Errors: 0, Skipped: 0, Time elapsed: 53.283 s <<< FAILURE! - in TestSuite
loginTest on loginTest(com.prasanth.tests.LoginTest)(com.prasanth.tests.LoginTest)  Time elapsed: 0.012 s  <<< FAILURE!
java.lang.NullPointerException: Cannot invoke "com.prasanth.base.DriverManager.getDriver()" because "this.driverManager" is null
	at com.prasanth.tests.LoginTest.loginTest(LoginTest.java:9)

