<?xml version="1.0" encoding="UTF-8"?>
<!-- Generated by org.testng.reporters.JUnitXMLReporter -->
<testsuite ignored="0" hostname="Prasanths-MacBook-Pro.local" failures="1" tests="1" name="Surefire test" time="0.046" errors="0" timestamp="2023-11-27T07:09:12 IST">
  <testcase classname="com.prasanth.tests.LoginTest" name="loginTest on loginTest(com.prasanth.tests.LoginTest)" time="0.008">
    <failure type="java.lang.NullPointerException" message="Cannot invoke &amp;quot;com.prasanth.base.DriverManager.getDriver()&amp;quot; because &amp;quot;this.driverManager&amp;quot; is null">
      <![CDATA[java.lang.NullPointerException: Cannot invoke "com.prasanth.base.DriverManager.getDriver()" because "this.driverManager" is null
at com.prasanth.tests.LoginTest.loginTest(LoginTest.java:9)
at org.junit.runners.model.FrameworkMethod$1.runReflectiveCall(FrameworkMethod.java:47)
at org.junit.internal.runners.model.ReflectiveCallable.run(ReflectiveCallable.java:12)
at org.junit.runners.model.FrameworkMethod.invokeExplosively(FrameworkMethod.java:44)
at org.junit.internal.runners.statements.InvokeMethod.evaluate(InvokeMethod.java:17)
at org.junit.runners.ParentRunner.runLeaf(ParentRunner.java:271)
at org.junit.runners.BlockJUnit4ClassRunner.runChild(BlockJUnit4ClassRunner.java:70)
at org.junit.runners.BlockJUnit4ClassRunner.runChild(BlockJUnit4ClassRunner.java:50)
at org.junit.runners.ParentRunner$3.run(ParentRunner.java:238)
at org.junit.runners.ParentRunner$1.schedule(ParentRunner.java:63)
at org.junit.runners.ParentRunner.runChildren(ParentRunner.java:236)
at org.junit.runners.ParentRunner.access$000(ParentRunner.java:53)
at org.junit.runners.ParentRunner$2.evaluate(ParentRunner.java:229)
at org.junit.runners.ParentRunner.run(ParentRunner.java:309)
at org.junit.runner.JUnitCore.run(JUnitCore.java:160)
at org.junit.runner.JUnitCore.run(JUnitCore.java:138)
at java.base/java.util.ArrayList.forEach(ArrayList.java:1511)
... Removed 28 stack frames]]>
    </failure>
  </testcase> <!-- loginTest on loginTest(com.prasanth.tests.LoginTest) -->
</testsuite> <!-- Surefire test -->
